200	https://books.ebalbharati.in/archives/Books/1.pdf
200	https://books.ebalbharati.in/archives/Books/2.pdf
200	https://books.ebalbharati.in/archives/Books/3.pdf
200	https://books.ebalbharati.in/archives/Books/4.pdf
200	https://books.ebalbharati.in/archives/Books/5.pdf
200	https://books.ebalbharati.in/archives/Books/6.pdf
200	https://books.ebalbharati.in/archives/Books/7.pdf
404	https://books.ebalbharati.in/archives/Books/8.pdf
200	https://books.ebalbharati.in/archives/Books/9.pdf
200	https://books.ebalbharati.in/archives/Books/10.pdf
200	https://books.ebalbharati.in/archives/Books/11.pdf
200	https://books.ebalbharati.in/archives/Books/12.pdf
200	https://books.ebalbharati.in/archives/Books/13.pdf
200	https://books.ebalbharati.in/archives/Books/14.pdf
200	https://books.ebalbharati.in/archives/Books/15.pdf
200	https://books.ebalbharati.in/archives/Books/16.pdf
200	https://books.ebalbharati.in/archives/Books/17.pdf
200	https://books.ebalbharati.in/archives/Books/18.pdf
200	https://books.ebalbharati.in/archives/Books/19.pdf
200	https://books.ebalbharati.in/archives/Books/20.pdf
200	https://books.ebalbharati.in/archives/Books/21.pdf
200	https://books.ebalbharati.in/archives/Books/22.pdf
200	https://books.ebalbharati.in/archives/Books/23.pdf
200	https://books.ebalbharati.in/archives/Books/24.pdf
200	https://books.ebalbharati.in/archives/Books/25.pdf
200	https://books.ebalbharati.in/archives/Books/26.pdf
200	https://books.ebalbharati.in/archives/Books/27.pdf
200	https://books.ebalbharati.in/archives/Books/28.pdf
200	https://books.ebalbharati.in/archives/Books/29.pdf
200	https://books.ebalbharati.in/archives/Books/30.pdf
200	https://books.ebalbharati.in/archives/Books/31.pdf
200	https://books.ebalbharati.in/archives/Books/32.pdf
200	https://books.ebalbharati.in/archives/Books/33.pdf
200	https://books.ebalbharati.in/archives/Books/34.pdf
200	https://books.ebalbharati.in/archives/Books/35.pdf
200	https://books.ebalbharati.in/archives/Books/36.pdf
200	https://books.ebalbharati.in/archives/Books/37.pdf
200	https://books.ebalbharati.in/archives/Books/38.pdf
200	https://books.ebalbharati.in/archives/Books/39.pdf
200	https://books.ebalbharati.in/archives/Books/40.pdf
200	https://books.ebalbharati.in/archives/Books/41.pdf
200	https://books.ebalbharati.in/archives/Books/42.pdf
200	https://books.ebalbharati.in/archives/Books/43.pdf
200	https://books.ebalbharati.in/archives/Books/44.pdf
200	https://books.ebalbharati.in/archives/Books/45.pdf
200	https://books.ebalbharati.in/archives/Books/46.pdf
200	https://books.ebalbharati.in/archives/Books/47.pdf
200	https://books.ebalbharati.in/archives/Books/48.pdf
200	https://books.ebalbharati.in/archives/Books/49.pdf
200	https://books.ebalbharati.in/archives/Books/50.pdf
200	https://books.ebalbharati.in/archives/Books/51.pdf
200	https://books.ebalbharati.in/archives/Books/52.pdf
200	https://books.ebalbharati.in/archives/Books/53.pdf
200	https://books.ebalbharati.in/archives/Books/54.pdf
200	https://books.ebalbharati.in/archives/Books/55.pdf
200	https://books.ebalbharati.in/archives/Books/56.pdf
200	https://books.ebalbharati.in/archives/Books/57.pdf
200	https://books.ebalbharati.in/archives/Books/58.pdf
200	https://books.ebalbharati.in/archives/Books/59.pdf
200	https://books.ebalbharati.in/archives/Books/60.pdf
200	https://books.ebalbharati.in/archives/Books/61.pdf
200	https://books.ebalbharati.in/archives/Books/62.pdf
200	https://books.ebalbharati.in/archives/Books/63.pdf
200	https://books.ebalbharati.in/archives/Books/64.pdf
200	https://books.ebalbharati.in/archives/Books/65.pdf
200	https://books.ebalbharati.in/archives/Books/66.pdf
200	https://books.ebalbharati.in/archives/Books/67.pdf
200	https://books.ebalbharati.in/archives/Books/68.pdf
200	https://books.ebalbharati.in/archives/Books/69.pdf
200	https://books.ebalbharati.in/archives/Books/70.pdf
200	https://books.ebalbharati.in/archives/Books/71.pdf
200	https://books.ebalbharati.in/archives/Books/72.pdf
200	https://books.ebalbharati.in/archives/Books/73.pdf
200	https://books.ebalbharati.in/archives/Books/74.pdf
200	https://books.ebalbharati.in/archives/Books/75.pdf
200	https://books.ebalbharati.in/archives/Books/76.pdf
200	https://books.ebalbharati.in/archives/Books/77.pdf
200	https://books.ebalbharati.in/archives/Books/78.pdf
200	https://books.ebalbharati.in/archives/Books/79.pdf
200	https://books.ebalbharati.in/archives/Books/80.pdf
200	https://books.ebalbharati.in/archives/Books/81.pdf
200	https://books.ebalbharati.in/archives/Books/82.pdf
200	https://books.ebalbharati.in/archives/Books/83.pdf
200	https://books.ebalbharati.in/archives/Books/84.pdf
200	https://books.ebalbharati.in/archives/Books/85.pdf
200	https://books.ebalbharati.in/archives/Books/86.pdf
200	https://books.ebalbharati.in/archives/Books/87.pdf
200	https://books.ebalbharati.in/archives/Books/88.pdf
200	https://books.ebalbharati.in/archives/Books/89.pdf
200	https://books.ebalbharati.in/archives/Books/90.pdf
200	https://books.ebalbharati.in/archives/Books/91.pdf
200	https://books.ebalbharati.in/archives/Books/92.pdf
200	https://books.ebalbharati.in/archives/Books/93.pdf
200	https://books.ebalbharati.in/archives/Books/94.pdf
200	https://books.ebalbharati.in/archives/Books/95.pdf
200	https://books.ebalbharati.in/archives/Books/96.pdf
200	https://books.ebalbharati.in/archives/Books/97.pdf
200	https://books.ebalbharati.in/archives/Books/98.pdf
200	https://books.ebalbharati.in/archives/Books/99.pdf
200	https://books.ebalbharati.in/archives/Books/100.pdf
200	https://books.ebalbharati.in/archives/Books/101.pdf
200	https://books.ebalbharati.in/archives/Books/102.pdf
200	https://books.ebalbharati.in/archives/Books/103.pdf
200	https://books.ebalbharati.in/archives/Books/104.pdf
200	https://books.ebalbharati.in/archives/Books/105.pdf
200	https://books.ebalbharati.in/archives/Books/106.pdf
200	https://books.ebalbharati.in/archives/Books/107.pdf
200	https://books.ebalbharati.in/archives/Books/108.pdf
200	https://books.ebalbharati.in/archives/Books/109.pdf
200	https://books.ebalbharati.in/archives/Books/110.pdf
200	https://books.ebalbharati.in/archives/Books/111.pdf
200	https://books.ebalbharati.in/archives/Books/112.pdf
200	https://books.ebalbharati.in/archives/Books/113.pdf
200	https://books.ebalbharati.in/archives/Books/114.pdf
200	https://books.ebalbharati.in/archives/Books/115.pdf
200	https://books.ebalbharati.in/archives/Books/116.pdf
200	https://books.ebalbharati.in/archives/Books/117.pdf
200	https://books.ebalbharati.in/archives/Books/118.pdf
200	https://books.ebalbharati.in/archives/Books/119.pdf
200	https://books.ebalbharati.in/archives/Books/120.pdf
200	https://books.ebalbharati.in/archives/Books/121.pdf
200	https://books.ebalbharati.in/archives/Books/122.pdf
200	https://books.ebalbharati.in/archives/Books/123.pdf
200	https://books.ebalbharati.in/archives/Books/124.pdf
200	https://books.ebalbharati.in/archives/Books/125.pdf
200	https://books.ebalbharati.in/archives/Books/126.pdf
200	https://books.ebalbharati.in/archives/Books/127.pdf
200	https://books.ebalbharati.in/archives/Books/128.pdf
200	https://books.ebalbharati.in/archives/Books/129.pdf
200	https://books.ebalbharati.in/archives/Books/130.pdf
200	https://books.ebalbharati.in/archives/Books/131.pdf
200	https://books.ebalbharati.in/archives/Books/132.pdf
200	https://books.ebalbharati.in/archives/Books/133.pdf
200	https://books.ebalbharati.in/archives/Books/134.pdf
200	https://books.ebalbharati.in/archives/Books/135.pdf
200	https://books.ebalbharati.in/archives/Books/136.pdf
200	https://books.ebalbharati.in/archives/Books/137.pdf
200	https://books.ebalbharati.in/archives/Books/138.pdf
200	https://books.ebalbharati.in/archives/Books/139.pdf
200	https://books.ebalbharati.in/archives/Books/140.pdf
200	https://books.ebalbharati.in/archives/Books/141.pdf
200	https://books.ebalbharati.in/archives/Books/142.pdf
200	https://books.ebalbharati.in/archives/Books/143.pdf
200	https://books.ebalbharati.in/archives/Books/144.pdf
200	https://books.ebalbharati.in/archives/Books/145.pdf
200	https://books.ebalbharati.in/archives/Books/146.pdf
200	https://books.ebalbharati.in/archives/Books/147.pdf
200	https://books.ebalbharati.in/archives/Books/148.pdf
200	https://books.ebalbharati.in/archives/Books/149.pdf
200	https://books.ebalbharati.in/archives/Books/150.pdf
200	https://books.ebalbharati.in/archives/Books/151.pdf
200	https://books.ebalbharati.in/archives/Books/152.pdf
200	https://books.ebalbharati.in/archives/Books/153.pdf
200	https://books.ebalbharati.in/archives/Books/154.pdf
200	https://books.ebalbharati.in/archives/Books/155.pdf
200	https://books.ebalbharati.in/archives/Books/156.pdf
200	https://books.ebalbharati.in/archives/Books/157.pdf
200	https://books.ebalbharati.in/archives/Books/158.pdf
200	https://books.ebalbharati.in/archives/Books/159.pdf
200	https://books.ebalbharati.in/archives/Books/160.pdf
200	https://books.ebalbharati.in/archives/Books/161.pdf
200	https://books.ebalbharati.in/archives/Books/162.pdf
200	https://books.ebalbharati.in/archives/Books/163.pdf
200	https://books.ebalbharati.in/archives/Books/164.pdf
200	https://books.ebalbharati.in/archives/Books/165.pdf
200	https://books.ebalbharati.in/archives/Books/166.pdf
200	https://books.ebalbharati.in/archives/Books/167.pdf
200	https://books.ebalbharati.in/archives/Books/168.pdf
200	https://books.ebalbharati.in/archives/Books/169.pdf
200	https://books.ebalbharati.in/archives/Books/170.pdf
200	https://books.ebalbharati.in/archives/Books/171.pdf
200	https://books.ebalbharati.in/archives/Books/172.pdf
200	https://books.ebalbharati.in/archives/Books/173.pdf
200	https://books.ebalbharati.in/archives/Books/174.pdf
200	https://books.ebalbharati.in/archives/Books/175.pdf
200	https://books.ebalbharati.in/archives/Books/176.pdf
200	https://books.ebalbharati.in/archives/Books/177.pdf
200	https://books.ebalbharati.in/archives/Books/178.pdf
200	https://books.ebalbharati.in/archives/Books/179.pdf
200	https://books.ebalbharati.in/archives/Books/180.pdf
200	https://books.ebalbharati.in/archives/Books/181.pdf
200	https://books.ebalbharati.in/archives/Books/182.pdf
200	https://books.ebalbharati.in/archives/Books/183.pdf
200	https://books.ebalbharati.in/archives/Books/184.pdf
200	https://books.ebalbharati.in/archives/Books/185.pdf
200	https://books.ebalbharati.in/archives/Books/186.pdf
200	https://books.ebalbharati.in/archives/Books/187.pdf
200	https://books.ebalbharati.in/archives/Books/188.pdf
200	https://books.ebalbharati.in/archives/Books/189.pdf
200	https://books.ebalbharati.in/archives/Books/190.pdf
200	https://books.ebalbharati.in/archives/Books/191.pdf
200	https://books.ebalbharati.in/archives/Books/192.pdf
200	https://books.ebalbharati.in/archives/Books/193.pdf
200	https://books.ebalbharati.in/archives/Books/194.pdf
200	https://books.ebalbharati.in/archives/Books/195.pdf
200	https://books.ebalbharati.in/archives/Books/196.pdf
200	https://books.ebalbharati.in/archives/Books/197.pdf
200	https://books.ebalbharati.in/archives/Books/198.pdf
200	https://books.ebalbharati.in/archives/Books/199.pdf
200	https://books.ebalbharati.in/archives/Books/200.pdf
200	https://books.ebalbharati.in/archives/Books/201.pdf
200	https://books.ebalbharati.in/archives/Books/202.pdf
200	https://books.ebalbharati.in/archives/Books/203.pdf
200	https://books.ebalbharati.in/archives/Books/204.pdf
200	https://books.ebalbharati.in/archives/Books/205.pdf
200	https://books.ebalbharati.in/archives/Books/206.pdf
200	https://books.ebalbharati.in/archives/Books/207.pdf
200	https://books.ebalbharati.in/archives/Books/208.pdf
200	https://books.ebalbharati.in/archives/Books/209.pdf
200	https://books.ebalbharati.in/archives/Books/210.pdf
200	https://books.ebalbharati.in/archives/Books/211.pdf
200	https://books.ebalbharati.in/archives/Books/212.pdf
200	https://books.ebalbharati.in/archives/Books/213.pdf
200	https://books.ebalbharati.in/archives/Books/214.pdf
200	https://books.ebalbharati.in/archives/Books/215.pdf
200	https://books.ebalbharati.in/archives/Books/216.pdf
200	https://books.ebalbharati.in/archives/Books/217.pdf
200	https://books.ebalbharati.in/archives/Books/218.pdf
200	https://books.ebalbharati.in/archives/Books/219.pdf
200	https://books.ebalbharati.in/archives/Books/220.pdf
200	https://books.ebalbharati.in/archives/Books/221.pdf
200	https://books.ebalbharati.in/archives/Books/222.pdf
200	https://books.ebalbharati.in/archives/Books/223.pdf
200	https://books.ebalbharati.in/archives/Books/224.pdf
200	https://books.ebalbharati.in/archives/Books/225.pdf
200	https://books.ebalbharati.in/archives/Books/226.pdf
200	https://books.ebalbharati.in/archives/Books/227.pdf
200	https://books.ebalbharati.in/archives/Books/228.pdf
200	https://books.ebalbharati.in/archives/Books/229.pdf
200	https://books.ebalbharati.in/archives/Books/230.pdf
200	https://books.ebalbharati.in/archives/Books/231.pdf
200	https://books.ebalbharati.in/archives/Books/232.pdf
200	https://books.ebalbharati.in/archives/Books/233.pdf
200	https://books.ebalbharati.in/archives/Books/234.pdf
200	https://books.ebalbharati.in/archives/Books/235.pdf
200	https://books.ebalbharati.in/archives/Books/236.pdf
200	https://books.ebalbharati.in/archives/Books/237.pdf
200	https://books.ebalbharati.in/archives/Books/238.pdf
200	https://books.ebalbharati.in/archives/Books/239.pdf
200	https://books.ebalbharati.in/archives/Books/240.pdf
200	https://books.ebalbharati.in/archives/Books/241.pdf
200	https://books.ebalbharati.in/archives/Books/242.pdf
200	https://books.ebalbharati.in/archives/Books/243.pdf
200	https://books.ebalbharati.in/archives/Books/244.pdf
200	https://books.ebalbharati.in/archives/Books/245.pdf
200	https://books.ebalbharati.in/archives/Books/246.pdf
200	https://books.ebalbharati.in/archives/Books/247.pdf
200	https://books.ebalbharati.in/archives/Books/248.pdf
200	https://books.ebalbharati.in/archives/Books/249.pdf
200	https://books.ebalbharati.in/archives/Books/250.pdf
200	https://books.ebalbharati.in/archives/Books/251.pdf
200	https://books.ebalbharati.in/archives/Books/252.pdf
200	https://books.ebalbharati.in/archives/Books/253.pdf
200	https://books.ebalbharati.in/archives/Books/254.pdf
200	https://books.ebalbharati.in/archives/Books/255.pdf
200	https://books.ebalbharati.in/archives/Books/256.pdf
200	https://books.ebalbharati.in/archives/Books/257.pdf
200	https://books.ebalbharati.in/archives/Books/258.pdf
200	https://books.ebalbharati.in/archives/Books/259.pdf
200	https://books.ebalbharati.in/archives/Books/260.pdf
200	https://books.ebalbharati.in/archives/Books/261.pdf
200	https://books.ebalbharati.in/archives/Books/262.pdf
200	https://books.ebalbharati.in/archives/Books/263.pdf
200	https://books.ebalbharati.in/archives/Books/264.pdf
200	https://books.ebalbharati.in/archives/Books/265.pdf
200	https://books.ebalbharati.in/archives/Books/266.pdf
200	https://books.ebalbharati.in/archives/Books/267.pdf
200	https://books.ebalbharati.in/archives/Books/268.pdf
200	https://books.ebalbharati.in/archives/Books/269.pdf
200	https://books.ebalbharati.in/archives/Books/270.pdf
200	https://books.ebalbharati.in/archives/Books/271.pdf
200	https://books.ebalbharati.in/archives/Books/272.pdf
200	https://books.ebalbharati.in/archives/Books/273.pdf
200	https://books.ebalbharati.in/archives/Books/274.pdf
200	https://books.ebalbharati.in/archives/Books/275.pdf
200	https://books.ebalbharati.in/archives/Books/276.pdf
200	https://books.ebalbharati.in/archives/Books/277.pdf
200	https://books.ebalbharati.in/archives/Books/278.pdf
200	https://books.ebalbharati.in/archives/Books/279.pdf
200	https://books.ebalbharati.in/archives/Books/280.pdf
200	https://books.ebalbharati.in/archives/Books/281.pdf
200	https://books.ebalbharati.in/archives/Books/282.pdf
200	https://books.ebalbharati.in/archives/Books/283.pdf
200	https://books.ebalbharati.in/archives/Books/284.pdf
200	https://books.ebalbharati.in/archives/Books/285.pdf
200	https://books.ebalbharati.in/archives/Books/286.pdf
200	https://books.ebalbharati.in/archives/Books/287.pdf
200	https://books.ebalbharati.in/archives/Books/288.pdf
200	https://books.ebalbharati.in/archives/Books/289.pdf
200	https://books.ebalbharati.in/archives/Books/290.pdf
200	https://books.ebalbharati.in/archives/Books/291.pdf
200	https://books.ebalbharati.in/archives/Books/292.pdf
200	https://books.ebalbharati.in/archives/Books/293.pdf
200	https://books.ebalbharati.in/archives/Books/294.pdf
200	https://books.ebalbharati.in/archives/Books/295.pdf
200	https://books.ebalbharati.in/archives/Books/296.pdf
200	https://books.ebalbharati.in/archives/Books/297.pdf
200	https://books.ebalbharati.in/archives/Books/298.pdf
200	https://books.ebalbharati.in/archives/Books/299.pdf
200	https://books.ebalbharati.in/archives/Books/300.pdf
200	https://books.ebalbharati.in/archives/Books/301.pdf
200	https://books.ebalbharati.in/archives/Books/302.pdf
200	https://books.ebalbharati.in/archives/Books/303.pdf
200	https://books.ebalbharati.in/archives/Books/304.pdf
200	https://books.ebalbharati.in/archives/Books/305.pdf
200	https://books.ebalbharati.in/archives/Books/306.pdf
200	https://books.ebalbharati.in/archives/Books/307.pdf
200	https://books.ebalbharati.in/archives/Books/308.pdf
200	https://books.ebalbharati.in/archives/Books/309.pdf
200	https://books.ebalbharati.in/archives/Books/310.pdf
200	https://books.ebalbharati.in/archives/Books/311.pdf
200	https://books.ebalbharati.in/archives/Books/312.pdf
200	https://books.ebalbharati.in/archives/Books/313.pdf
200	https://books.ebalbharati.in/archives/Books/314.pdf
200	https://books.ebalbharati.in/archives/Books/315.pdf
200	https://books.ebalbharati.in/archives/Books/316.pdf
200	https://books.ebalbharati.in/archives/Books/317.pdf
200	https://books.ebalbharati.in/archives/Books/318.pdf
200	https://books.ebalbharati.in/archives/Books/319.pdf
200	https://books.ebalbharati.in/archives/Books/320.pdf
200	https://books.ebalbharati.in/archives/Books/321.pdf
200	https://books.ebalbharati.in/archives/Books/322.pdf
200	https://books.ebalbharati.in/archives/Books/323.pdf
200	https://books.ebalbharati.in/archives/Books/324.pdf
200	https://books.ebalbharati.in/archives/Books/325.pdf
200	https://books.ebalbharati.in/archives/Books/326.pdf
200	https://books.ebalbharati.in/archives/Books/327.pdf
200	https://books.ebalbharati.in/archives/Books/328.pdf
200	https://books.ebalbharati.in/archives/Books/329.pdf
200	https://books.ebalbharati.in/archives/Books/330.pdf
200	https://books.ebalbharati.in/archives/Books/331.pdf
200	https://books.ebalbharati.in/archives/Books/332.pdf
200	https://books.ebalbharati.in/archives/Books/333.pdf
200	https://books.ebalbharati.in/archives/Books/334.pdf
200	https://books.ebalbharati.in/archives/Books/335.pdf
200	https://books.ebalbharati.in/archives/Books/336.pdf
200	https://books.ebalbharati.in/archives/Books/337.pdf
200	https://books.ebalbharati.in/archives/Books/338.pdf
200	https://books.ebalbharati.in/archives/Books/339.pdf
200	https://books.ebalbharati.in/archives/Books/340.pdf
200	https://books.ebalbharati.in/archives/Books/341.pdf
200	https://books.ebalbharati.in/archives/Books/342.pdf
200	https://books.ebalbharati.in/archives/Books/343.pdf
200	https://books.ebalbharati.in/archives/Books/344.pdf
200	https://books.ebalbharati.in/archives/Books/345.pdf
200	https://books.ebalbharati.in/archives/Books/346.pdf
200	https://books.ebalbharati.in/archives/Books/347.pdf
200	https://books.ebalbharati.in/archives/Books/348.pdf
200	https://books.ebalbharati.in/archives/Books/349.pdf
200	https://books.ebalbharati.in/archives/Books/350.pdf
200	https://books.ebalbharati.in/archives/Books/351.pdf
200	https://books.ebalbharati.in/archives/Books/352.pdf
200	https://books.ebalbharati.in/archives/Books/353.pdf
200	https://books.ebalbharati.in/archives/Books/354.pdf
200	https://books.ebalbharati.in/archives/Books/355.pdf
200	https://books.ebalbharati.in/archives/Books/356.pdf
200	https://books.ebalbharati.in/archives/Books/357.pdf
200	https://books.ebalbharati.in/archives/Books/358.pdf
200	https://books.ebalbharati.in/archives/Books/359.pdf
200	https://books.ebalbharati.in/archives/Books/360.pdf
200	https://books.ebalbharati.in/archives/Books/361.pdf
200	https://books.ebalbharati.in/archives/Books/362.pdf
200	https://books.ebalbharati.in/archives/Books/363.pdf
200	https://books.ebalbharati.in/archives/Books/364.pdf
200	https://books.ebalbharati.in/archives/Books/365.pdf
200	https://books.ebalbharati.in/archives/Books/366.pdf
200	https://books.ebalbharati.in/archives/Books/367.pdf
200	https://books.ebalbharati.in/archives/Books/368.pdf
200	https://books.ebalbharati.in/archives/Books/369.pdf
200	https://books.ebalbharati.in/archives/Books/370.pdf
200	https://books.ebalbharati.in/archives/Books/371.pdf
200	https://books.ebalbharati.in/archives/Books/372.pdf
200	https://books.ebalbharati.in/archives/Books/373.pdf
200	https://books.ebalbharati.in/archives/Books/374.pdf
200	https://books.ebalbharati.in/archives/Books/375.pdf
200	https://books.ebalbharati.in/archives/Books/376.pdf
200	https://books.ebalbharati.in/archives/Books/377.pdf
200	https://books.ebalbharati.in/archives/Books/378.pdf
200	https://books.ebalbharati.in/archives/Books/379.pdf
200	https://books.ebalbharati.in/archives/Books/380.pdf
200	https://books.ebalbharati.in/archives/Books/381.pdf
200	https://books.ebalbharati.in/archives/Books/382.pdf
200	https://books.ebalbharati.in/archives/Books/383.pdf
200	https://books.ebalbharati.in/archives/Books/384.pdf
200	https://books.ebalbharati.in/archives/Books/385.pdf
200	https://books.ebalbharati.in/archives/Books/386.pdf
200	https://books.ebalbharati.in/archives/Books/387.pdf
200	https://books.ebalbharati.in/archives/Books/388.pdf
200	https://books.ebalbharati.in/archives/Books/389.pdf
200	https://books.ebalbharati.in/archives/Books/390.pdf
200	https://books.ebalbharati.in/archives/Books/391.pdf
200	https://books.ebalbharati.in/archives/Books/392.pdf
200	https://books.ebalbharati.in/archives/Books/393.pdf
200	https://books.ebalbharati.in/archives/Books/394.pdf
200	https://books.ebalbharati.in/archives/Books/395.pdf
200	https://books.ebalbharati.in/archives/Books/396.pdf
200	https://books.ebalbharati.in/archives/Books/397.pdf
200	https://books.ebalbharati.in/archives/Books/398.pdf
200	https://books.ebalbharati.in/archives/Books/399.pdf
200	https://books.ebalbharati.in/archives/Books/400.pdf
200	https://books.ebalbharati.in/archives/Books/401.pdf
200	https://books.ebalbharati.in/archives/Books/402.pdf
200	https://books.ebalbharati.in/archives/Books/403.pdf
200	https://books.ebalbharati.in/archives/Books/404.pdf
200	https://books.ebalbharati.in/archives/Books/405.pdf
200	https://books.ebalbharati.in/archives/Books/406.pdf
200	https://books.ebalbharati.in/archives/Books/407.pdf
200	https://books.ebalbharati.in/archives/Books/408.pdf
200	https://books.ebalbharati.in/archives/Books/409.pdf
200	https://books.ebalbharati.in/archives/Books/410.pdf
200	https://books.ebalbharati.in/archives/Books/411.pdf
200	https://books.ebalbharati.in/archives/Books/412.pdf
200	https://books.ebalbharati.in/archives/Books/413.pdf
200	https://books.ebalbharati.in/archives/Books/414.pdf
200	https://books.ebalbharati.in/archives/Books/415.pdf
200	https://books.ebalbharati.in/archives/Books/416.pdf
200	https://books.ebalbharati.in/archives/Books/417.pdf
200	https://books.ebalbharati.in/archives/Books/418.pdf
200	https://books.ebalbharati.in/archives/Books/419.pdf
200	https://books.ebalbharati.in/archives/Books/420.pdf
200	https://books.ebalbharati.in/archives/Books/421.pdf
200	https://books.ebalbharati.in/archives/Books/422.pdf
200	https://books.ebalbharati.in/archives/Books/423.pdf
200	https://books.ebalbharati.in/archives/Books/424.pdf
200	https://books.ebalbharati.in/archives/Books/425.pdf
200	https://books.ebalbharati.in/archives/Books/426.pdf
200	https://books.ebalbharati.in/archives/Books/427.pdf
200	https://books.ebalbharati.in/archives/Books/428.pdf
200	https://books.ebalbharati.in/archives/Books/429.pdf
200	https://books.ebalbharati.in/archives/Books/430.pdf
200	https://books.ebalbharati.in/archives/Books/431.pdf
200	https://books.ebalbharati.in/archives/Books/432.pdf
200	https://books.ebalbharati.in/archives/Books/433.pdf
200	https://books.ebalbharati.in/archives/Books/434.pdf
200	https://books.ebalbharati.in/archives/Books/435.pdf
200	https://books.ebalbharati.in/archives/Books/436.pdf
200	https://books.ebalbharati.in/archives/Books/437.pdf
200	https://books.ebalbharati.in/archives/Books/438.pdf
200	https://books.ebalbharati.in/archives/Books/439.pdf
200	https://books.ebalbharati.in/archives/Books/440.pdf
200	https://books.ebalbharati.in/archives/Books/441.pdf
200	https://books.ebalbharati.in/archives/Books/442.pdf
200	https://books.ebalbharati.in/archives/Books/443.pdf
200	https://books.ebalbharati.in/archives/Books/444.pdf
200	https://books.ebalbharati.in/archives/Books/445.pdf
200	https://books.ebalbharati.in/archives/Books/446.pdf
200	https://books.ebalbharati.in/archives/Books/447.pdf
200	https://books.ebalbharati.in/archives/Books/448.pdf
200	https://books.ebalbharati.in/archives/Books/449.pdf
200	https://books.ebalbharati.in/archives/Books/450.pdf
200	https://books.ebalbharati.in/archives/Books/451.pdf
200	https://books.ebalbharati.in/archives/Books/452.pdf
200	https://books.ebalbharati.in/archives/Books/453.pdf
200	https://books.ebalbharati.in/archives/Books/454.pdf
200	https://books.ebalbharati.in/archives/Books/455.pdf
200	https://books.ebalbharati.in/archives/Books/456.pdf
200	https://books.ebalbharati.in/archives/Books/457.pdf
200	https://books.ebalbharati.in/archives/Books/458.pdf
200	https://books.ebalbharati.in/archives/Books/459.pdf
200	https://books.ebalbharati.in/archives/Books/460.pdf
200	https://books.ebalbharati.in/archives/Books/461.pdf
200	https://books.ebalbharati.in/archives/Books/462.pdf
200	https://books.ebalbharati.in/archives/Books/463.pdf
200	https://books.ebalbharati.in/archives/Books/464.pdf
200	https://books.ebalbharati.in/archives/Books/465.pdf
200	https://books.ebalbharati.in/archives/Books/466.pdf
200	https://books.ebalbharati.in/archives/Books/467.pdf
200	https://books.ebalbharati.in/archives/Books/468.pdf
200	https://books.ebalbharati.in/archives/Books/469.pdf
200	https://books.ebalbharati.in/archives/Books/470.pdf
200	https://books.ebalbharati.in/archives/Books/471.pdf
200	https://books.ebalbharati.in/archives/Books/472.pdf
200	https://books.ebalbharati.in/archives/Books/473.pdf
200	https://books.ebalbharati.in/archives/Books/474.pdf
200	https://books.ebalbharati.in/archives/Books/475.pdf
200	https://books.ebalbharati.in/archives/Books/476.pdf
200	https://books.ebalbharati.in/archives/Books/477.pdf
200	https://books.ebalbharati.in/archives/Books/478.pdf
200	https://books.ebalbharati.in/archives/Books/479.pdf
200	https://books.ebalbharati.in/archives/Books/480.pdf
200	https://books.ebalbharati.in/archives/Books/481.pdf
200	https://books.ebalbharati.in/archives/Books/482.pdf
200	https://books.ebalbharati.in/archives/Books/483.pdf
200	https://books.ebalbharati.in/archives/Books/484.pdf
200	https://books.ebalbharati.in/archives/Books/485.pdf
200	https://books.ebalbharati.in/archives/Books/486.pdf
200	https://books.ebalbharati.in/archives/Books/487.pdf
200	https://books.ebalbharati.in/archives/Books/488.pdf
200	https://books.ebalbharati.in/archives/Books/489.pdf
200	https://books.ebalbharati.in/archives/Books/490.pdf
200	https://books.ebalbharati.in/archives/Books/491.pdf
200	https://books.ebalbharati.in/archives/Books/492.pdf
200	https://books.ebalbharati.in/archives/Books/493.pdf
200	https://books.ebalbharati.in/archives/Books/494.pdf
200	https://books.ebalbharati.in/archives/Books/495.pdf
200	https://books.ebalbharati.in/archives/Books/496.pdf
200	https://books.ebalbharati.in/archives/Books/497.pdf
200	https://books.ebalbharati.in/archives/Books/498.pdf
200	https://books.ebalbharati.in/archives/Books/499.pdf
200	https://books.ebalbharati.in/archives/Books/500.pdf
200	https://books.ebalbharati.in/archives/Books/501.pdf
200	https://books.ebalbharati.in/archives/Books/502.pdf
200	https://books.ebalbharati.in/archives/Books/503.pdf
200	https://books.ebalbharati.in/archives/Books/504.pdf
200	https://books.ebalbharati.in/archives/Books/505.pdf
200	https://books.ebalbharati.in/archives/Books/506.pdf
200	https://books.ebalbharati.in/archives/Books/507.pdf
200	https://books.ebalbharati.in/archives/Books/508.pdf
200	https://books.ebalbharati.in/archives/Books/509.pdf
200	https://books.ebalbharati.in/archives/Books/510.pdf
200	https://books.ebalbharati.in/archives/Books/511.pdf
200	https://books.ebalbharati.in/archives/Books/512.pdf
200	https://books.ebalbharati.in/archives/Books/513.pdf
200	https://books.ebalbharati.in/archives/Books/514.pdf
200	https://books.ebalbharati.in/archives/Books/515.pdf
200	https://books.ebalbharati.in/archives/Books/516.pdf
200	https://books.ebalbharati.in/archives/Books/517.pdf
200	https://books.ebalbharati.in/archives/Books/518.pdf
200	https://books.ebalbharati.in/archives/Books/519.pdf
200	https://books.ebalbharati.in/archives/Books/520.pdf
404	https://books.ebalbharati.in/archives/Books/521.pdf
200	https://books.ebalbharati.in/archives/Books/522.pdf
200	https://books.ebalbharati.in/archives/Books/523.pdf
200	https://books.ebalbharati.in/archives/Books/524.pdf
200	https://books.ebalbharati.in/archives/Books/525.pdf
200	https://books.ebalbharati.in/archives/Books/526.pdf
200	https://books.ebalbharati.in/archives/Books/527.pdf
200	https://books.ebalbharati.in/archives/Books/528.pdf
200	https://books.ebalbharati.in/archives/Books/529.pdf
200	https://books.ebalbharati.in/archives/Books/530.pdf
200	https://books.ebalbharati.in/archives/Books/531.pdf
200	https://books.ebalbharati.in/archives/Books/532.pdf
200	https://books.ebalbharati.in/archives/Books/533.pdf
200	https://books.ebalbharati.in/archives/Books/534.pdf
200	https://books.ebalbharati.in/archives/Books/535.pdf
200	https://books.ebalbharati.in/archives/Books/536.pdf
200	https://books.ebalbharati.in/archives/Books/537.pdf
200	https://books.ebalbharati.in/archives/Books/538.pdf
200	https://books.ebalbharati.in/archives/Books/539.pdf
200	https://books.ebalbharati.in/archives/Books/540.pdf
200	https://books.ebalbharati.in/archives/Books/541.pdf
200	https://books.ebalbharati.in/archives/Books/542.pdf
200	https://books.ebalbharati.in/archives/Books/543.pdf
200	https://books.ebalbharati.in/archives/Books/544.pdf
200	https://books.ebalbharati.in/archives/Books/545.pdf
200	https://books.ebalbharati.in/archives/Books/546.pdf
200	https://books.ebalbharati.in/archives/Books/547.pdf
200	https://books.ebalbharati.in/archives/Books/548.pdf
200	https://books.ebalbharati.in/archives/Books/549.pdf
200	https://books.ebalbharati.in/archives/Books/550.pdf
200	https://books.ebalbharati.in/archives/Books/551.pdf
200	https://books.ebalbharati.in/archives/Books/552.pdf
200	https://books.ebalbharati.in/archives/Books/553.pdf
200	https://books.ebalbharati.in/archives/Books/554.pdf
200	https://books.ebalbharati.in/archives/Books/555.pdf
200	https://books.ebalbharati.in/archives/Books/556.pdf
200	https://books.ebalbharati.in/archives/Books/557.pdf
200	https://books.ebalbharati.in/archives/Books/558.pdf
200	https://books.ebalbharati.in/archives/Books/559.pdf
200	https://books.ebalbharati.in/archives/Books/560.pdf
200	https://books.ebalbharati.in/archives/Books/561.pdf
200	https://books.ebalbharati.in/archives/Books/562.pdf
200	https://books.ebalbharati.in/archives/Books/563.pdf
200	https://books.ebalbharati.in/archives/Books/564.pdf
200	https://books.ebalbharati.in/archives/Books/565.pdf
200	https://books.ebalbharati.in/archives/Books/566.pdf
200	https://books.ebalbharati.in/archives/Books/567.pdf
200	https://books.ebalbharati.in/archives/Books/568.pdf
200	https://books.ebalbharati.in/archives/Books/569.pdf
200	https://books.ebalbharati.in/archives/Books/570.pdf
200	https://books.ebalbharati.in/archives/Books/571.pdf
200	https://books.ebalbharati.in/archives/Books/572.pdf
200	https://books.ebalbharati.in/archives/Books/573.pdf
200	https://books.ebalbharati.in/archives/Books/574.pdf
200	https://books.ebalbharati.in/archives/Books/812.pdf
200	https://books.ebalbharati.in/archives/Books/813.pdf
200	https://books.ebalbharati.in/archives/Books/814.pdf
200	https://books.ebalbharati.in/archives/Books/815.pdf
200	https://books.ebalbharati.in/archives/Books/816.pdf
200	https://books.ebalbharati.in/archives/Books/817.pdf
200	https://books.ebalbharati.in/archives/Books/818.pdf
200	https://books.ebalbharati.in/archives/Books/819.pdf
200	https://books.ebalbharati.in/archives/Books/820.pdf
200	https://books.ebalbharati.in/archives/Books/821.pdf
200	https://books.ebalbharati.in/archives/Books/822.pdf
200	https://books.ebalbharati.in/archives/Books/823.pdf
200	https://books.ebalbharati.in/archives/Books/824.pdf
200	https://books.ebalbharati.in/archives/Books/825.pdf
200	https://books.ebalbharati.in/archives/Books/826.pdf
200	https://books.ebalbharati.in/archives/Books/827.pdf
200	https://books.ebalbharati.in/archives/Books/828.pdf
200	https://books.ebalbharati.in/archives/Books/829.pdf
200	https://books.ebalbharati.in/archives/Books/830.pdf
200	https://books.ebalbharati.in/archives/Books/831.pdf
200	https://books.ebalbharati.in/archives/Books/832.pdf
200	https://books.ebalbharati.in/archives/Books/833.pdf
200	https://books.ebalbharati.in/archives/Books/834.pdf
200	https://books.ebalbharati.in/archives/Books/835.pdf
200	https://books.ebalbharati.in/archives/Books/836.pdf
200	https://books.ebalbharati.in/archives/Books/837.pdf
200	https://books.ebalbharati.in/archives/Books/838.pdf
200	https://books.ebalbharati.in/archives/Books/839.pdf
200	https://books.ebalbharati.in/archives/Books/840.pdf
200	https://books.ebalbharati.in/archives/Books/841.pdf
200	https://books.ebalbharati.in/archives/Books/842.pdf
200	https://books.ebalbharati.in/archives/Books/843.pdf
200	https://books.ebalbharati.in/archives/Books/844.pdf
200	https://books.ebalbharati.in/archives/Books/845.pdf
200	https://books.ebalbharati.in/archives/Books/846.pdf
200	https://books.ebalbharati.in/archives/Books/847.pdf
200	https://books.ebalbharati.in/archives/Books/848.pdf
200	https://books.ebalbharati.in/archives/Books/849.pdf
200	https://books.ebalbharati.in/archives/Books/850.pdf
200	https://books.ebalbharati.in/archives/Books/851.pdf
200	https://books.ebalbharati.in/archives/Books/852.pdf
200	https://books.ebalbharati.in/archives/Books/853.pdf
200	https://books.ebalbharati.in/archives/Books/854.pdf
200	https://books.ebalbharati.in/archives/Books/855.pdf
200	https://books.ebalbharati.in/archives/Books/856.pdf
200	https://books.ebalbharati.in/archives/Books/857.pdf
200	https://books.ebalbharati.in/archives/Books/858.pdf
200	https://books.ebalbharati.in/archives/Books/859.pdf
200	https://books.ebalbharati.in/archives/Books/860.pdf
200	https://books.ebalbharati.in/archives/Books/861.pdf
200	https://books.ebalbharati.in/archives/Books/862.pdf
200	https://books.ebalbharati.in/archives/Books/863.pdf
200	https://books.ebalbharati.in/archives/Books/864.pdf
200	https://books.ebalbharati.in/archives/Books/865.pdf
200	https://books.ebalbharati.in/archives/Books/866.pdf
200	https://books.ebalbharati.in/archives/Books/867.pdf
200	https://books.ebalbharati.in/archives/Books/868.pdf
200	https://books.ebalbharati.in/archives/Books/869.pdf
200	https://books.ebalbharati.in/archives/Books/870.pdf
200	https://books.ebalbharati.in/archives/Books/871.pdf
200	https://books.ebalbharati.in/archives/Books/872.pdf
200	https://books.ebalbharati.in/archives/Books/873.pdf
200	https://books.ebalbharati.in/archives/Books/874.pdf
200	https://books.ebalbharati.in/archives/Books/875.pdf
200	https://books.ebalbharati.in/archives/Books/876.pdf
200	https://books.ebalbharati.in/archives/Books/877.pdf
200	https://books.ebalbharati.in/archives/Books/878.pdf
200	https://books.ebalbharati.in/archives/Books/879.pdf
200	https://books.ebalbharati.in/archives/Books/880.pdf
200	https://books.ebalbharati.in/archives/Books/881.pdf
200	https://books.ebalbharati.in/archives/Books/882.pdf
200	https://books.ebalbharati.in/archives/Books/883.pdf
200	https://books.ebalbharati.in/archives/Books/884.pdf
200	https://books.ebalbharati.in/archives/Books/885.pdf
200	https://books.ebalbharati.in/archives/Books/886.pdf
200	https://books.ebalbharati.in/archives/Books/887.pdf
200	https://books.ebalbharati.in/archives/Books/888.pdf
200	https://books.ebalbharati.in/archives/Books/889.pdf
200	https://books.ebalbharati.in/archives/Books/890.pdf
200	https://books.ebalbharati.in/archives/Books/891.pdf
200	https://books.ebalbharati.in/archives/Books/892.pdf
200	https://books.ebalbharati.in/archives/Books/893.pdf
200	https://books.ebalbharati.in/archives/Books/894.pdf
200	https://books.ebalbharati.in/archives/Books/895.pdf
200	https://books.ebalbharati.in/archives/Books/896.pdf
200	https://books.ebalbharati.in/archives/Books/897.pdf
200	https://books.ebalbharati.in/archives/Books/898.pdf
200	https://books.ebalbharati.in/archives/Books/899.pdf
200	https://books.ebalbharati.in/archives/Books/900.pdf
200	https://books.ebalbharati.in/archives/Books/901.pdf
200	https://books.ebalbharati.in/archives/Books/902.pdf
200	https://books.ebalbharati.in/archives/Books/903.pdf
200	https://books.ebalbharati.in/archives/Books/904.pdf
200	https://books.ebalbharati.in/archives/Books/905.pdf
200	https://books.ebalbharati.in/archives/Books/906.pdf
200	https://books.ebalbharati.in/archives/Books/907.pdf
200	https://books.ebalbharati.in/archives/Books/908.pdf
200	https://books.ebalbharati.in/archives/Books/909.pdf
200	https://books.ebalbharati.in/archives/Books/910.pdf
200	https://books.ebalbharati.in/archives/Books/911.pdf
200	https://books.ebalbharati.in/archives/Books/912.pdf
200	https://books.ebalbharati.in/archives/Books/913.pdf
200	https://books.ebalbharati.in/archives/Books/914.pdf
200	https://books.ebalbharati.in/archives/Books/915.pdf
200	https://books.ebalbharati.in/archives/Books/916.pdf
200	https://books.ebalbharati.in/archives/Books/917.pdf
200	https://books.ebalbharati.in/archives/Books/918.pdf
200	https://books.ebalbharati.in/archives/Books/919.pdf
200	https://books.ebalbharati.in/archives/Books/920.pdf
200	https://books.ebalbharati.in/archives/Books/921.pdf
200	https://books.ebalbharati.in/archives/Books/922.pdf
200	https://books.ebalbharati.in/archives/Books/923.pdf
200	https://books.ebalbharati.in/archives/Books/924.pdf
200	https://books.ebalbharati.in/archives/Books/925.pdf
200	https://books.ebalbharati.in/archives/Books/926.pdf
200	https://books.ebalbharati.in/archives/Books/927.pdf
200	https://books.ebalbharati.in/archives/Books/928.pdf
200	https://books.ebalbharati.in/archives/Books/929.pdf
200	https://books.ebalbharati.in/archives/Books/930.pdf
200	https://books.ebalbharati.in/archives/Books/931.pdf
200	https://books.ebalbharati.in/archives/Books/932.pdf
200	https://books.ebalbharati.in/archives/Books/933.pdf
200	https://books.ebalbharati.in/archives/Books/934.pdf
200	https://books.ebalbharati.in/archives/Books/935.pdf
200	https://books.ebalbharati.in/archives/Books/936.pdf
200	https://books.ebalbharati.in/archives/Books/937.pdf
200	https://books.ebalbharati.in/archives/Books/938.pdf
200	https://books.ebalbharati.in/archives/Books/939.pdf
200	https://books.ebalbharati.in/archives/Books/940.pdf
200	https://books.ebalbharati.in/archives/Books/941.pdf
200	https://books.ebalbharati.in/archives/Books/942.pdf
200	https://books.ebalbharati.in/archives/Books/943.pdf
200	https://books.ebalbharati.in/archives/Books/944.pdf
200	https://books.ebalbharati.in/archives/Books/945.pdf
200	https://books.ebalbharati.in/archives/Books/946.pdf
200	https://books.ebalbharati.in/archives/Books/947.pdf
200	https://books.ebalbharati.in/archives/Books/948.pdf
200	https://books.ebalbharati.in/archives/Books/949.pdf
200	https://books.ebalbharati.in/archives/Books/950.pdf
200	https://books.ebalbharati.in/archives/Books/951.pdf
200	https://books.ebalbharati.in/archives/Books/952.pdf
200	https://books.ebalbharati.in/archives/Books/953.pdf
200	https://books.ebalbharati.in/archives/Books/954.pdf
200	https://books.ebalbharati.in/archives/Books/955.pdf
200	https://books.ebalbharati.in/archives/Books/956.pdf
200	https://books.ebalbharati.in/archives/Books/957.pdf
200	https://books.ebalbharati.in/archives/Books/958.pdf
200	https://books.ebalbharati.in/archives/Books/959.pdf
200	https://books.ebalbharati.in/archives/Books/960.pdf
200	https://books.ebalbharati.in/archives/Books/961.pdf
200	https://books.ebalbharati.in/archives/Books/962.pdf
200	https://books.ebalbharati.in/archives/Books/963.pdf
200	https://books.ebalbharati.in/archives/Books/964.pdf
200	https://books.ebalbharati.in/archives/Books/965.pdf
200	https://books.ebalbharati.in/archives/Books/966.pdf
200	https://books.ebalbharati.in/archives/Books/967.pdf
200	https://books.ebalbharati.in/archives/Books/968.pdf
200	https://books.ebalbharati.in/archives/Books/969.pdf
200	https://books.ebalbharati.in/archives/Books/970.pdf
200	https://books.ebalbharati.in/archives/Books/971.pdf
200	https://books.ebalbharati.in/archives/Books/972.pdf
200	https://books.ebalbharati.in/archives/Books/973.pdf
200	https://books.ebalbharati.in/archives/Books/974.pdf
200	https://books.ebalbharati.in/archives/Books/975.pdf
200	https://books.ebalbharati.in/archives/Books/976.pdf
200	https://books.ebalbharati.in/archives/Books/977.pdf
200	https://books.ebalbharati.in/archives/Books/978.pdf
200	https://books.ebalbharati.in/archives/Books/979.pdf
200	https://books.ebalbharati.in/archives/Books/980.pdf
200	https://books.ebalbharati.in/archives/Books/981.pdf
200	https://books.ebalbharati.in/archives/Books/982.pdf
200	https://books.ebalbharati.in/archives/Books/983.pdf
200	https://books.ebalbharati.in/archives/Books/984.pdf
200	https://books.ebalbharati.in/archives/Books/985.pdf
200	https://books.ebalbharati.in/archives/Books/986.pdf
200	https://books.ebalbharati.in/archives/Books/987.pdf
200	https://books.ebalbharati.in/archives/Books/988.pdf
200	https://books.ebalbharati.in/archives/Books/989.pdf
200	https://books.ebalbharati.in/archives/Books/990.pdf
200	https://books.ebalbharati.in/archives/Books/991.pdf
200	https://books.ebalbharati.in/archives/Books/992.pdf
200	https://books.ebalbharati.in/archives/Books/993.pdf
200	https://books.ebalbharati.in/archives/Books/994.pdf
200	https://books.ebalbharati.in/archives/Books/995.pdf
200	https://books.ebalbharati.in/archives/Books/996.pdf
200	https://books.ebalbharati.in/archives/Books/997.pdf
200	https://books.ebalbharati.in/archives/Books/998.pdf
200	https://books.ebalbharati.in/archives/Books/999.pdf
200	https://books.ebalbharati.in/archives/Books/1000.pdf
200	https://books.ebalbharati.in/archives/Books/1001.pdf
200	https://books.ebalbharati.in/archives/Books/1002.pdf
200	https://books.ebalbharati.in/archives/Books/1003.pdf
200	https://books.ebalbharati.in/archives/Books/1004.pdf
200	https://books.ebalbharati.in/archives/Books/1005.pdf
200	https://books.ebalbharati.in/archives/Books/1006.pdf
200	https://books.ebalbharati.in/archives/Books/1007.pdf
200	https://books.ebalbharati.in/archives/Books/1008.pdf
200	https://books.ebalbharati.in/archives/Books/1009.pdf
200	https://books.ebalbharati.in/archives/Books/1010.pdf
200	https://books.ebalbharati.in/archives/Books/1011.pdf
200	https://books.ebalbharati.in/archives/Books/1012.pdf
200	https://books.ebalbharati.in/archives/Books/1013.pdf
200	https://books.ebalbharati.in/archives/Books/1014.pdf
200	https://books.ebalbharati.in/archives/Books/1015.pdf
200	https://books.ebalbharati.in/archives/Books/1016.pdf
200	https://books.ebalbharati.in/archives/Books/1017.pdf
200	https://books.ebalbharati.in/archives/Books/1018.pdf
200	https://books.ebalbharati.in/archives/Books/1019.pdf
200	https://books.ebalbharati.in/archives/Books/1020.pdf
200	https://books.ebalbharati.in/archives/Books/1021.pdf
200	https://books.ebalbharati.in/archives/Books/1022.pdf
200	https://books.ebalbharati.in/archives/Books/1023.pdf
200	https://books.ebalbharati.in/archives/Books/1024.pdf
200	https://books.ebalbharati.in/archives/Books/1025.pdf
200	https://books.ebalbharati.in/archives/Books/1026.pdf
200	https://books.ebalbharati.in/archives/Books/1027.pdf
200	https://books.ebalbharati.in/archives/Books/1028.pdf
200	https://books.ebalbharati.in/archives/Books/1029.pdf
200	https://books.ebalbharati.in/archives/Books/1030.pdf
200	https://books.ebalbharati.in/archives/Books/1031.pdf
200	https://books.ebalbharati.in/archives/Books/1032.pdf
200	https://books.ebalbharati.in/archives/Books/1033.pdf
200	https://books.ebalbharati.in/archives/Books/1034.pdf
200	https://books.ebalbharati.in/archives/Books/1035.pdf
200	https://books.ebalbharati.in/archives/Books/1036.pdf
200	https://books.ebalbharati.in/archives/Books/1037.pdf
200	https://books.ebalbharati.in/archives/Books/1038.pdf
200	https://books.ebalbharati.in/archives/Books/1039.pdf
200	https://books.ebalbharati.in/archives/Books/1040.pdf
200	https://books.ebalbharati.in/archives/Books/1041.pdf
200	https://books.ebalbharati.in/archives/Books/1042.pdf
200	https://books.ebalbharati.in/archives/Books/1043.pdf
200	https://books.ebalbharati.in/archives/Books/1044.pdf
200	https://books.ebalbharati.in/archives/Books/1045.pdf
200	https://books.ebalbharati.in/archives/Books/1046.pdf
200	https://books.ebalbharati.in/archives/Books/1047.pdf
200	https://books.ebalbharati.in/archives/Books/1048.pdf
200	https://books.ebalbharati.in/archives/Books/1049.pdf
200	https://books.ebalbharati.in/archives/Books/1050.pdf
200	https://books.ebalbharati.in/archives/Books/1051.pdf
200	https://books.ebalbharati.in/archives/Books/1052.pdf
200	https://books.ebalbharati.in/archives/Books/1053.pdf
200	https://books.ebalbharati.in/archives/Books/1054.pdf
200	https://books.ebalbharati.in/archives/Books/1055.pdf
200	https://books.ebalbharati.in/archives/Books/1056.pdf
200	https://books.ebalbharati.in/archives/Books/1057.pdf
200	https://books.ebalbharati.in/archives/Books/1058.pdf
200	https://books.ebalbharati.in/archives/Books/1059.pdf
200	https://books.ebalbharati.in/archives/Books/1060.pdf
200	https://books.ebalbharati.in/archives/Books/1061.pdf
200	https://books.ebalbharati.in/archives/Books/1062.pdf
200	https://books.ebalbharati.in/archives/Books/1063.pdf
200	https://books.ebalbharati.in/archives/Books/1064.pdf
200	https://books.ebalbharati.in/archives/Books/1065.pdf
200	https://books.ebalbharati.in/archives/Books/1066.pdf
200	https://books.ebalbharati.in/archives/Books/1067.pdf
200	https://books.ebalbharati.in/archives/Books/1068.pdf
200	https://books.ebalbharati.in/archives/Books/1069.pdf
200	https://books.ebalbharati.in/archives/Books/1070.pdf
200	https://books.ebalbharati.in/archives/Books/1071.pdf
200	https://books.ebalbharati.in/archives/Books/1072.pdf
200	https://books.ebalbharati.in/archives/Books/1073.pdf
200	https://books.ebalbharati.in/archives/Books/1074.pdf
200	https://books.ebalbharati.in/archives/Books/1075.pdf
200	https://books.ebalbharati.in/archives/Books/1076.pdf
200	https://books.ebalbharati.in/archives/Books/1077.pdf
200	https://books.ebalbharati.in/archives/Books/1078.pdf
200	https://books.ebalbharati.in/archives/Books/1079.pdf
200	https://books.ebalbharati.in/archives/Books/1080.pdf
200	https://books.ebalbharati.in/archives/Books/1081.pdf
200	https://books.ebalbharati.in/archives/Books/1082.pdf
200	https://books.ebalbharati.in/archives/Books/1083.pdf
200	https://books.ebalbharati.in/archives/Books/1084.pdf
200	https://books.ebalbharati.in/archives/Books/1085.pdf
200	https://books.ebalbharati.in/archives/Books/1086.pdf
200	https://books.ebalbharati.in/archives/Books/1087.pdf
200	https://books.ebalbharati.in/archives/Books/1088.pdf
200	https://books.ebalbharati.in/archives/Books/1089.pdf
200	https://books.ebalbharati.in/archives/Books/1090.pdf
200	https://books.ebalbharati.in/archives/Books/1091.pdf
200	https://books.ebalbharati.in/archives/Books/1092.pdf
200	https://books.ebalbharati.in/archives/Books/1093.pdf
200	https://books.ebalbharati.in/archives/Books/1094.pdf
200	https://books.ebalbharati.in/archives/Books/1095.pdf
200	https://books.ebalbharati.in/archives/Books/1096.pdf
200	https://books.ebalbharati.in/archives/Books/1097.pdf
200	https://books.ebalbharati.in/archives/Books/1098.pdf
200	https://books.ebalbharati.in/archives/Books/1099.pdf
200	https://books.ebalbharati.in/archives/Books/1100.pdf
200	https://books.ebalbharati.in/archives/Books/1101.pdf
200	https://books.ebalbharati.in/archives/Books/1102.pdf
200	https://books.ebalbharati.in/archives/Books/1103.pdf
200	https://books.ebalbharati.in/archives/Books/1104.pdf
200	https://books.ebalbharati.in/archives/Books/1105.pdf
200	https://books.ebalbharati.in/archives/Books/1106.pdf
200	https://books.ebalbharati.in/archives/Books/1107.pdf
200	https://books.ebalbharati.in/archives/Books/1108.pdf
200	https://books.ebalbharati.in/archives/Books/1109.pdf
200	https://books.ebalbharati.in/archives/Books/1110.pdf
200	https://books.ebalbharati.in/archives/Books/1111.pdf
200	https://books.ebalbharati.in/archives/Books/1112.pdf
200	https://books.ebalbharati.in/archives/Books/1113.pdf
200	https://books.ebalbharati.in/archives/Books/1114.pdf
200	https://books.ebalbharati.in/archives/Books/1115.pdf
200	https://books.ebalbharati.in/archives/Books/1116.pdf
200	https://books.ebalbharati.in/archives/Books/1117.pdf
200	https://books.ebalbharati.in/archives/Books/1118.pdf
200	https://books.ebalbharati.in/archives/Books/1119.pdf
200	https://books.ebalbharati.in/archives/Books/1120.pdf
200	https://books.ebalbharati.in/archives/Books/1121.pdf
200	https://books.ebalbharati.in/archives/Books/1122.pdf
200	https://books.ebalbharati.in/archives/Books/1123.pdf
200	https://books.ebalbharati.in/archives/Books/1124.pdf
200	https://books.ebalbharati.in/archives/Books/1125.pdf
200	https://books.ebalbharati.in/archives/Books/1126.pdf
200	https://books.ebalbharati.in/archives/Books/1127.pdf
200	https://books.ebalbharati.in/archives/Books/1128.pdf
200	https://books.ebalbharati.in/archives/Books/1129.pdf
200	https://books.ebalbharati.in/archives/Books/1130.pdf
200	https://books.ebalbharati.in/archives/Books/1131.pdf
200	https://books.ebalbharati.in/archives/Books/1132.pdf
200	https://books.ebalbharati.in/archives/Books/1133.pdf
200	https://books.ebalbharati.in/archives/Books/1134.pdf
200	https://books.ebalbharati.in/archives/Books/1135.pdf
200	https://books.ebalbharati.in/archives/Books/1136.pdf
200	https://books.ebalbharati.in/archives/Books/1137.pdf
200	https://books.ebalbharati.in/archives/Books/1138.pdf
200	https://books.ebalbharati.in/archives/Books/1139.pdf
200	https://books.ebalbharati.in/archives/Books/1140.pdf
200	https://books.ebalbharati.in/archives/Books/1141.pdf
200	https://books.ebalbharati.in/archives/Books/1142.pdf
200	https://books.ebalbharati.in/archives/Books/1143.pdf
200	https://books.ebalbharati.in/archives/Books/1144.pdf
200	https://books.ebalbharati.in/archives/Books/1145.pdf
200	https://books.ebalbharati.in/archives/Books/1146.pdf
200	https://books.ebalbharati.in/archives/Books/1147.pdf
200	https://books.ebalbharati.in/archives/Books/1148.pdf
200	https://books.ebalbharati.in/archives/Books/1149.pdf
200	https://books.ebalbharati.in/archives/Books/1150.pdf
200	https://books.ebalbharati.in/archives/Books/1151.pdf
200	https://books.ebalbharati.in/archives/Books/1152.pdf
200	https://books.ebalbharati.in/archives/Books/1153.pdf
200	https://books.ebalbharati.in/archives/Books/1154.pdf
200	https://books.ebalbharati.in/archives/Books/1155.pdf
200	https://books.ebalbharati.in/archives/Books/1156.pdf
200	https://books.ebalbharati.in/archives/Books/1157.pdf
200	https://books.ebalbharati.in/archives/Books/1158.pdf
200	https://books.ebalbharati.in/archives/Books/1159.pdf
200	https://books.ebalbharati.in/archives/Books/1160.pdf
200	https://books.ebalbharati.in/archives/Books/1161.pdf
200	https://books.ebalbharati.in/archives/Books/1162.pdf
200	https://books.ebalbharati.in/archives/Books/1163.pdf
200	https://books.ebalbharati.in/archives/Books/1164.pdf
200	https://books.ebalbharati.in/archives/Books/1165.pdf
200	https://books.ebalbharati.in/archives/Books/1166.pdf
200	https://books.ebalbharati.in/archives/Books/1167.pdf
200	https://books.ebalbharati.in/archives/Books/1168.pdf
200	https://books.ebalbharati.in/archives/Books/1169.pdf
404	https://books.ebalbharati.in/archives/Books/1170.pdf
404	https://books.ebalbharati.in/archives/Books/1171.pdf
404	https://books.ebalbharati.in/archives/Books/1172.pdf
404	https://books.ebalbharati.in/archives/Books/1173.pdf
404	https://books.ebalbharati.in/archives/Books/1174.pdf
404	https://books.ebalbharati.in/archives/Books/1175.pdf
404	https://books.ebalbharati.in/archives/Books/1176.pdf
404	https://books.ebalbharati.in/archives/Books/1177.pdf
404	https://books.ebalbharati.in/archives/Books/1178.pdf
404	https://books.ebalbharati.in/archives/Books/1179.pdf
404	https://books.ebalbharati.in/archives/Books/1180.pdf
404	https://books.ebalbharati.in/archives/Books/1181.pdf
404	https://books.ebalbharati.in/archives/Books/1182.pdf
404	https://books.ebalbharati.in/archives/Books/1183.pdf
404	https://books.ebalbharati.in/archives/Books/1184.pdf
404	https://books.ebalbharati.in/archives/Books/1185.pdf
404	https://books.ebalbharati.in/archives/Books/1186.pdf
404	https://books.ebalbharati.in/archives/Books/1187.pdf
404	https://books.ebalbharati.in/archives/Books/1188.pdf
404	https://books.ebalbharati.in/archives/Books/1189.pdf
404	https://books.ebalbharati.in/archives/Books/1190.pdf
404	https://books.ebalbharati.in/archives/Books/1191.pdf
404	https://books.ebalbharati.in/archives/Books/1192.pdf
404	https://books.ebalbharati.in/archives/Books/1193.pdf
404	https://books.ebalbharati.in/archives/Books/1194.pdf
404	https://books.ebalbharati.in/archives/Books/1195.pdf
404	https://books.ebalbharati.in/archives/Books/1196.pdf
404	https://books.ebalbharati.in/archives/Books/1197.pdf
404	https://books.ebalbharati.in/archives/Books/1198.pdf
404	https://books.ebalbharati.in/archives/Books/1199.pdf
